
2015-03-27 15:07:04
[ERROR]-[Thread: main]-[com.augmentum.google.servlet.CallbackServlet.getRefreshToken()]: Connect to accounts.google.com:443 [accounts.google.com/74.125.203.84] failed: Connection timed out: connect
org.apache.http.conn.HttpHostConnectException: Connect to accounts.google.com:443 [accounts.google.com/74.125.203.84] failed: Connection timed out: connect
	at org.apache.http.impl.conn.HttpClientConnectionOperator.connect(HttpClientConnectionOperator.java:140)
	at org.apache.http.impl.conn.PoolingHttpClientConnectionManager.connect(PoolingHttpClientConnectionManager.java:314)
	at org.apache.http.impl.execchain.MainClientExec.establishRoute(MainClientExec.java:363)
	at org.apache.http.impl.execchain.MainClientExec.execute(MainClientExec.java:219)
	at org.apache.http.impl.execchain.ProtocolExec.execute(ProtocolExec.java:195)
	at org.apache.http.impl.execchain.RetryExec.execute(RetryExec.java:86)
	at org.apache.http.impl.execchain.RedirectExec.execute(RedirectExec.java:108)
	at org.apache.http.impl.client.InternalHttpClient.doExecute(InternalHttpClient.java:186)
	at org.apache.http.impl.client.CloseableHttpClient.execute(CloseableHttpClient.java:82)
	at org.apache.http.impl.client.CloseableHttpClient.execute(CloseableHttpClient.java:106)
	at com.augmentum.google.servlet.CallbackServlet.getRefreshToken(CallbackServlet.java:82)
	at com.augmentum.google.model.TestGoogleAcountInfo.testUUID(TestGoogleAcountInfo.java:18)
	at sun.reflect.NativeMethodAccessorImpl.invoke0(Native Method)
	at sun.reflect.NativeMethodAccessorImpl.invoke(NativeMethodAccessorImpl.java:57)
	at sun.reflect.DelegatingMethodAccessorImpl.invoke(DelegatingMethodAccessorImpl.java:43)
	at java.lang.reflect.Method.invoke(Method.java:606)
	at junit.framework.TestCase.runTest(TestCase.java:176)
	at junit.framework.TestCase.runBare(TestCase.java:141)
	at junit.framework.TestResult$1.protect(TestResult.java:122)
	at junit.framework.TestResult.runProtected(TestResult.java:142)
	at junit.framework.TestResult.run(TestResult.java:125)
	at junit.framework.TestCase.run(TestCase.java:129)
	at junit.framework.TestSuite.runTest(TestSuite.java:255)
	at junit.framework.TestSuite.run(TestSuite.java:250)
	at org.junit.internal.runners.JUnit38ClassRunner.run(JUnit38ClassRunner.java:84)
	at org.eclipse.jdt.internal.junit4.runner.JUnit4TestReference.run(JUnit4TestReference.java:50)
	at org.eclipse.jdt.internal.junit.runner.TestExecution.run(TestExecution.java:38)
	at org.eclipse.jdt.internal.junit.runner.RemoteTestRunner.runTests(RemoteTestRunner.java:459)
	at org.eclipse.jdt.internal.junit.runner.RemoteTestRunner.runTests(RemoteTestRunner.java:675)
	at org.eclipse.jdt.internal.junit.runner.RemoteTestRunner.run(RemoteTestRunner.java:382)
	at org.eclipse.jdt.internal.junit.runner.RemoteTestRunner.main(RemoteTestRunner.java:192)
Caused by: java.net.ConnectException: Connection timed out: connect
	at java.net.DualStackPlainSocketImpl.connect0(Native Method)
	at java.net.DualStackPlainSocketImpl.socketConnect(DualStackPlainSocketImpl.java:79)
	at java.net.AbstractPlainSocketImpl.doConnect(AbstractPlainSocketImpl.java:339)
	at java.net.AbstractPlainSocketImpl.connectToAddress(AbstractPlainSocketImpl.java:200)
	at java.net.AbstractPlainSocketImpl.connect(AbstractPlainSocketImpl.java:182)
	at java.net.PlainSocketImpl.connect(PlainSocketImpl.java:172)
	at java.net.SocksSocketImpl.connect(SocksSocketImpl.java:392)
	at java.net.Socket.connect(Socket.java:579)
	at org.apache.http.conn.ssl.SSLConnectionSocketFactory.connectSocket(SSLConnectionSocketFactory.java:239)
	at org.apache.http.impl.conn.HttpClientConnectionOperator.connect(HttpClientConnectionOperator.java:117)
	... 30 more
